2023-07-14 14:24:17,404 INFO  [Log] **************************************************************************************** 
2023-07-14 14:24:17,405 INFO  [Log] **************************************************************************************** 
2023-07-14 14:24:17,407 INFO  [Log] $$$$$$$$$$$$$$$$$$$$$                 My batch 16 test case starts here       $$$$$$$$$$$$$$$$$$$$$$$$$ 
2023-07-14 14:24:17,407 INFO  [Log] **************************************************************************************** 
2023-07-14 14:24:17,407 INFO  [Log] **************************************************************************************** 
2023-07-14 14:24:42,975 INFO  [Log] **************************************************************************************** 
2023-07-14 14:24:42,975 INFO  [Log] **************************************************************************************** 
2023-07-14 14:24:42,977 INFO  [Log] $$$$$$$$$$$$$$$$$$$$$                 My batch 16 test case starts here       $$$$$$$$$$$$$$$$$$$$$$$$$ 
2023-07-14 14:24:42,978 INFO  [Log] **************************************************************************************** 
2023-07-14 14:24:42,978 INFO  [Log] **************************************************************************************** 
2023-07-14 14:26:31,645 INFO  [Log] **************************************************************************************** 
2023-07-14 14:26:31,645 INFO  [Log] **************************************************************************************** 
2023-07-14 14:26:31,647 INFO  [Log] $$$$$$$$$$$$$$$$$$$$$                 My batch 16 test case starts here       $$$$$$$$$$$$$$$$$$$$$$$$$ 
2023-07-14 14:26:31,647 INFO  [Log] **************************************************************************************** 
2023-07-14 14:26:31,647 INFO  [Log] **************************************************************************************** 
2023-07-14 14:27:51,366 INFO  [Log] **************************************************************************************** 
2023-07-14 14:27:51,367 INFO  [Log] **************************************************************************************** 
2023-07-14 14:27:51,369 INFO  [Log] $$$$$$$$$$$$$$$$$$$$$                 My batch 16 test case starts here       $$$$$$$$$$$$$$$$$$$$$$$$$ 
2023-07-14 14:27:51,369 INFO  [Log] **************************************************************************************** 
2023-07-14 14:27:51,369 INFO  [Log] **************************************************************************************** 
2023-07-14 14:29:03,752 INFO  [Log] **************************************************************************************** 
2023-07-14 14:29:03,752 INFO  [Log] **************************************************************************************** 
2023-07-14 14:29:03,755 INFO  [Log] $$$$$$$$$$$$$$$$$$$$$                 My batch 16 test case starts here       $$$$$$$$$$$$$$$$$$$$$$$$$ 
2023-07-14 14:29:03,755 INFO  [Log] **************************************************************************************** 
2023-07-14 14:29:03,755 INFO  [Log] **************************************************************************************** 
2023-07-14 14:33:47,149 INFO  [Log] **************************************************************************************** 
2023-07-14 14:33:47,149 INFO  [Log] **************************************************************************************** 
2023-07-14 14:33:47,152 INFO  [Log] $$$$$$$$$$$$$$$$$$$$$                 My batch 16 test case starts here       $$$$$$$$$$$$$$$$$$$$$$$$$ 
2023-07-14 14:33:47,152 INFO  [Log] **************************************************************************************** 
2023-07-14 14:33:47,152 INFO  [Log] **************************************************************************************** 
2023-07-14 14:43:02,164 INFO  [Log] **************************************************************************************** 
2023-07-14 14:43:02,164 INFO  [Log] **************************************************************************************** 
2023-07-14 14:43:02,165 INFO  [Log] $$$$$$$$$$$$$$$$$$$$$                 My batch 16 test case starts here       $$$$$$$$$$$$$$$$$$$$$$$$$ 
2023-07-14 14:43:02,166 INFO  [Log] **************************************************************************************** 
2023-07-14 14:43:02,166 INFO  [Log] **************************************************************************************** 
2023-07-14 14:43:02,301 INFO  [Log] my username has been entered 
2023-07-14 14:43:02,421 INFO  [Log] My password has been entered 
2023-07-14 14:51:13,944 INFO  [Log] **************************************************************************************** 
2023-07-14 14:51:13,945 INFO  [Log] **************************************************************************************** 
2023-07-14 14:51:13,946 INFO  [Log] $$$$$$$$$$$$$$$$$$$$$                 My batch 16 test case starts here       $$$$$$$$$$$$$$$$$$$$$$$$$ 
2023-07-14 14:51:13,946 INFO  [Log] **************************************************************************************** 
2023-07-14 14:51:13,946 INFO  [Log] **************************************************************************************** 
2023-07-14 14:51:14,045 INFO  [Log] my username has been entered 
2023-07-14 14:51:14,123 INFO  [Log] My password has been entered 
2023-07-14 14:52:08,065 INFO  [Log] **************************************************************************************** 
2023-07-14 14:52:08,065 INFO  [Log] **************************************************************************************** 
2023-07-14 14:52:08,067 INFO  [Log] $$$$$$$$$$$$$$$$$$$$$                 My batch 16 test case starts here       $$$$$$$$$$$$$$$$$$$$$$$$$ 
2023-07-14 14:52:08,067 INFO  [Log] **************************************************************************************** 
2023-07-14 14:52:08,067 INFO  [Log] **************************************************************************************** 
2023-07-14 14:52:08,181 INFO  [Log] my username has been entered 
2023-07-14 14:52:08,260 INFO  [Log] My password has been entered 
2023-07-14 14:53:00,408 INFO  [Log] **************************************************************************************** 
2023-07-14 14:53:00,408 INFO  [Log] **************************************************************************************** 
2023-07-14 14:53:00,410 INFO  [Log] $$$$$$$$$$$$$$$$$$$$$                 My batch 16 test case starts here       $$$$$$$$$$$$$$$$$$$$$$$$$ 
2023-07-14 14:53:00,410 INFO  [Log] **************************************************************************************** 
2023-07-14 14:53:00,410 INFO  [Log] **************************************************************************************** 
2023-07-14 14:53:00,503 INFO  [Log] my username has been entered 
2023-07-14 14:53:00,592 INFO  [Log] My password has been entered 
2023-07-14 14:54:50,789 INFO  [Log] **************************************************************************************** 
2023-07-14 14:54:50,790 INFO  [Log] **************************************************************************************** 
2023-07-14 14:54:50,791 INFO  [Log] $$$$$$$$$$$$$$$$$$$$$                 My batch 16 test case starts here       $$$$$$$$$$$$$$$$$$$$$$$$$ 
2023-07-14 14:54:50,791 INFO  [Log] **************************************************************************************** 
2023-07-14 14:54:50,791 INFO  [Log] **************************************************************************************** 
2023-07-14 14:54:50,899 INFO  [Log] my username has been entered 
2023-07-14 14:54:51,000 INFO  [Log] My password has been entered 
2023-07-14 15:00:16,186 INFO  [Log] **************************************************************************************** 
2023-07-14 15:00:16,186 INFO  [Log] **************************************************************************************** 
2023-07-14 15:00:16,188 INFO  [Log] $$$$$$$$$$$$$$$$$$$$$                 My batch 16 test case starts here       $$$$$$$$$$$$$$$$$$$$$$$$$ 
2023-07-14 15:00:16,188 INFO  [Log] **************************************************************************************** 
2023-07-14 15:00:16,188 INFO  [Log] **************************************************************************************** 
2023-07-14 15:00:16,290 INFO  [Log] my username has been entered 
2023-07-14 15:00:16,388 INFO  [Log] My password has been entered 
2023-07-14 15:02:04,818 INFO  [Log] **************************************************************************************** 
2023-07-14 15:02:04,819 INFO  [Log] **************************************************************************************** 
2023-07-14 15:02:04,820 INFO  [Log] $$$$$$$$$$$$$$$$$$$$$                 My batch 16 test case starts here       $$$$$$$$$$$$$$$$$$$$$$$$$ 
2023-07-14 15:02:04,821 INFO  [Log] **************************************************************************************** 
2023-07-14 15:02:04,821 INFO  [Log] **************************************************************************************** 
2023-07-14 15:02:04,929 INFO  [Log] my username has been entered 
2023-07-14 15:02:05,027 INFO  [Log] My password has been entered 
2023-07-14 15:02:52,842 INFO  [Log] **************************************************************************************** 
2023-07-14 15:02:52,842 INFO  [Log] **************************************************************************************** 
2023-07-14 15:02:52,863 INFO  [Log] $$$$$$$$$$$$$$$$$$$$$                 My Group17B16 test case starts here       $$$$$$$$$$$$$$$$$$$$$$$$$ 
2023-07-14 15:02:52,863 INFO  [Log] **************************************************************************************** 
2023-07-14 15:02:52,863 INFO  [Log] **************************************************************************************** 
2023-07-14 15:02:52,972 INFO  [Log] my username has been entered 
2023-07-14 15:02:53,056 INFO  [Log] My password has been entered 
2023-07-14 15:03:33,374 INFO  [Log] **************************************************************************************** 
2023-07-14 15:03:33,375 INFO  [Log] **************************************************************************************** 
2023-07-14 15:03:33,376 INFO  [Log] $$$$$$$$$$$$$$$$$$$$$                 My Group17B16 test case starts here       $$$$$$$$$$$$$$$$$$$$$$$$$ 
2023-07-14 15:03:33,377 INFO  [Log] **************************************************************************************** 
2023-07-14 15:03:33,377 INFO  [Log] **************************************************************************************** 
2023-07-14 15:03:33,491 INFO  [Log] my username has been entered 
2023-07-14 15:03:33,574 INFO  [Log] My password has been entered 
2023-07-14 20:01:31,806 INFO  [Log] **************************************************************************************** 
2023-07-14 20:01:31,806 INFO  [Log] **************************************************************************************** 
2023-07-14 20:01:31,809 INFO  [Log] $$$$$$$$$$$$$$$$$$$$$                 My Group17B16 test case starts here       $$$$$$$$$$$$$$$$$$$$$$$$$ 
2023-07-14 20:01:31,809 INFO  [Log] **************************************************************************************** 
2023-07-14 20:01:31,809 INFO  [Log] **************************************************************************************** 
2023-07-14 20:01:31,958 INFO  [Log] my username has been entered 
2023-07-14 20:01:32,156 INFO  [Log] My password has been entered 
2023-07-14 20:01:47,066 INFO  [Log] **************************************************************************************** 
2023-07-14 20:01:47,066 INFO  [Log] **************************************************************************************** 
2023-07-14 20:01:47,066 INFO  [Log] $$$$$$$$$$$$$$$$$$$$$                 My Group17B16 test case starts here       $$$$$$$$$$$$$$$$$$$$$$$$$ 
2023-07-14 20:01:47,066 INFO  [Log] **************************************************************************************** 
2023-07-14 20:01:47,066 INFO  [Log] **************************************************************************************** 
2023-07-14 20:01:47,412 INFO  [Log] my username has been entered 
2023-07-14 20:01:47,667 INFO  [Log] My password has been entered 
2023-07-14 20:09:27,028 INFO  [Log] **************************************************************************************** 
2023-07-14 20:09:27,028 INFO  [Log] **************************************************************************************** 
2023-07-14 20:09:27,031 INFO  [Log] $$$$$$$$$$$$$$$$$$$$$                 My Group17B16 test case starts here       $$$$$$$$$$$$$$$$$$$$$$$$$ 
2023-07-14 20:09:27,031 INFO  [Log] **************************************************************************************** 
2023-07-14 20:09:27,031 INFO  [Log] **************************************************************************************** 
2023-07-14 20:09:27,269 INFO  [Log] my username has been entered 
2023-07-14 20:09:27,474 INFO  [Log] My password has been entered 
2023-07-14 20:09:42,325 INFO  [Log] **************************************************************************************** 
2023-07-14 20:09:42,325 INFO  [Log] **************************************************************************************** 
2023-07-14 20:09:42,325 INFO  [Log] $$$$$$$$$$$$$$$$$$$$$                 My Group17B16 test case starts here       $$$$$$$$$$$$$$$$$$$$$$$$$ 
2023-07-14 20:09:42,325 INFO  [Log] **************************************************************************************** 
2023-07-14 20:09:42,325 INFO  [Log] **************************************************************************************** 
2023-07-14 20:09:43,157 INFO  [Log] my username has been entered 
2023-07-14 20:09:43,714 INFO  [Log] My password has been entered 
2023-07-14 20:15:03,316 INFO  [Log] **************************************************************************************** 
2023-07-14 20:15:03,317 INFO  [Log] **************************************************************************************** 
2023-07-14 20:15:03,322 INFO  [Log] $$$$$$$$$$$$$$$$$$$$$                 My Group17B16 test case starts here       $$$$$$$$$$$$$$$$$$$$$$$$$ 
2023-07-14 20:15:03,323 INFO  [Log] **************************************************************************************** 
2023-07-14 20:15:03,323 INFO  [Log] **************************************************************************************** 
2023-07-14 20:15:03,716 INFO  [Log] my username has been entered 
2023-07-14 20:15:03,976 INFO  [Log] My password has been entered 
2023-07-14 20:15:21,084 INFO  [Log] **************************************************************************************** 
2023-07-14 20:15:21,084 INFO  [Log] **************************************************************************************** 
2023-07-14 20:15:21,084 INFO  [Log] $$$$$$$$$$$$$$$$$$$$$                 My Group17B16 test case starts here       $$$$$$$$$$$$$$$$$$$$$$$$$ 
2023-07-14 20:15:21,084 INFO  [Log] **************************************************************************************** 
2023-07-14 20:15:21,084 INFO  [Log] **************************************************************************************** 
2023-07-14 20:15:21,335 INFO  [Log] my username has been entered 
2023-07-14 20:15:21,552 INFO  [Log] My password has been entered 
2023-07-14 20:18:51,784 INFO  [Log] **************************************************************************************** 
2023-07-14 20:18:51,784 INFO  [Log] **************************************************************************************** 
2023-07-14 20:18:51,787 INFO  [Log] $$$$$$$$$$$$$$$$$$$$$                 My Group17B16 test case starts here       $$$$$$$$$$$$$$$$$$$$$$$$$ 
2023-07-14 20:18:51,787 INFO  [Log] **************************************************************************************** 
2023-07-14 20:18:51,787 INFO  [Log] **************************************************************************************** 
2023-07-14 20:18:52,056 INFO  [Log] my username has been entered 
2023-07-14 20:18:52,270 INFO  [Log] My password has been entered 
2023-07-14 20:19:17,994 INFO  [Log] **************************************************************************************** 
2023-07-14 20:19:18,000 INFO  [Log] **************************************************************************************** 
2023-07-14 20:19:18,000 INFO  [Log] $$$$$$$$$$$$$$$$$$$$$                 My Group17B16 test case starts here       $$$$$$$$$$$$$$$$$$$$$$$$$ 
2023-07-14 20:19:18,000 INFO  [Log] **************************************************************************************** 
2023-07-14 20:19:18,000 INFO  [Log] **************************************************************************************** 
2023-07-14 20:19:18,184 INFO  [Log] my username has been entered 
2023-07-14 20:19:18,339 INFO  [Log] My password has been entered 
2023-07-14 20:22:55,935 INFO  [Log] **************************************************************************************** 
2023-07-14 20:22:55,935 INFO  [Log] **************************************************************************************** 
2023-07-14 20:22:55,940 INFO  [Log] $$$$$$$$$$$$$$$$$$$$$                 My Group17B16 test case starts here       $$$$$$$$$$$$$$$$$$$$$$$$$ 
2023-07-14 20:22:55,940 INFO  [Log] **************************************************************************************** 
2023-07-14 20:22:55,940 INFO  [Log] **************************************************************************************** 
2023-07-14 20:22:56,167 INFO  [Log] my username has been entered 
2023-07-14 20:22:56,336 INFO  [Log] My password has been entered 
2023-07-14 20:22:57,823 INFO  [Log] **************************************************************************************** 
2023-07-14 20:22:57,823 INFO  [Log] **************************************************************************************** 
2023-07-14 20:22:57,823 INFO  [Log] $$$$$$$$$$$$$$$$$$$$$                 My Group17B16 test case starts here       $$$$$$$$$$$$$$$$$$$$$$$$$ 
2023-07-14 20:22:57,823 INFO  [Log] **************************************************************************************** 
2023-07-14 20:22:57,823 INFO  [Log] **************************************************************************************** 
2023-07-14 20:23:21,093 INFO  [Log] **************************************************************************************** 
2023-07-14 20:23:21,093 INFO  [Log] **************************************************************************************** 
2023-07-14 20:23:21,093 INFO  [Log] $$$$$$$$$$$$$$$$$$$$$                 My Group17B16 test case starts here       $$$$$$$$$$$$$$$$$$$$$$$$$ 
2023-07-14 20:23:21,100 INFO  [Log] **************************************************************************************** 
2023-07-14 20:23:21,100 INFO  [Log] **************************************************************************************** 
2023-07-14 20:23:21,869 INFO  [Log] my username has been entered 
2023-07-14 20:23:22,217 INFO  [Log] My password has been entered 
2023-07-14 20:23:23,881 INFO  [Log] **************************************************************************************** 
2023-07-14 20:23:23,881 INFO  [Log] **************************************************************************************** 
2023-07-14 20:23:23,881 INFO  [Log] $$$$$$$$$$$$$$$$$$$$$                 My Group17B16 test case starts here       $$$$$$$$$$$$$$$$$$$$$$$$$ 
2023-07-14 20:23:23,881 INFO  [Log] **************************************************************************************** 
2023-07-14 20:23:23,881 INFO  [Log] **************************************************************************************** 
2023-07-14 20:25:54,147 INFO  [Log] **************************************************************************************** 
2023-07-14 20:25:54,147 INFO  [Log] **************************************************************************************** 
2023-07-14 20:25:54,150 INFO  [Log] $$$$$$$$$$$$$$$$$$$$$                 My Group17B16 test case starts here       $$$$$$$$$$$$$$$$$$$$$$$$$ 
2023-07-14 20:25:54,150 INFO  [Log] **************************************************************************************** 
2023-07-14 20:25:54,150 INFO  [Log] **************************************************************************************** 
2023-07-14 20:25:54,429 INFO  [Log] my username has been entered 
2023-07-14 20:25:54,802 INFO  [Log] My password has been entered 
2023-07-14 20:25:56,530 INFO  [Log] **************************************************************************************** 
2023-07-14 20:25:56,530 INFO  [Log] **************************************************************************************** 
2023-07-14 20:25:56,530 INFO  [Log] $$$$$$$$$$$$$$$$$$$$$                 My Group17B16 test case starts here       $$$$$$$$$$$$$$$$$$$$$$$$$ 
2023-07-14 20:25:56,530 INFO  [Log] **************************************************************************************** 
2023-07-14 20:25:56,530 INFO  [Log] **************************************************************************************** 
2023-07-14 20:26:10,927 INFO  [Log] **************************************************************************************** 
2023-07-14 20:26:10,927 INFO  [Log] **************************************************************************************** 
2023-07-14 20:26:10,927 INFO  [Log] $$$$$$$$$$$$$$$$$$$$$                 My Group17B16 test case starts here       $$$$$$$$$$$$$$$$$$$$$$$$$ 
2023-07-14 20:26:10,927 INFO  [Log] **************************************************************************************** 
2023-07-14 20:26:10,927 INFO  [Log] **************************************************************************************** 
2023-07-14 20:26:11,270 INFO  [Log] my username has been entered 
2023-07-14 20:26:11,547 INFO  [Log] My password has been entered 
2023-07-14 20:26:13,173 INFO  [Log] **************************************************************************************** 
2023-07-14 20:26:13,173 INFO  [Log] **************************************************************************************** 
2023-07-14 20:26:13,173 INFO  [Log] $$$$$$$$$$$$$$$$$$$$$                 My Group17B16 test case starts here       $$$$$$$$$$$$$$$$$$$$$$$$$ 
2023-07-14 20:26:13,173 INFO  [Log] **************************************************************************************** 
2023-07-14 20:26:13,173 INFO  [Log] **************************************************************************************** 
2023-07-14 20:30:04,715 INFO  [Log] **************************************************************************************** 
2023-07-14 20:30:04,715 INFO  [Log] **************************************************************************************** 
2023-07-14 20:30:04,717 INFO  [Log] $$$$$$$$$$$$$$$$$$$$$                 My Group17B16 test case starts here       $$$$$$$$$$$$$$$$$$$$$$$$$ 
2023-07-14 20:30:04,717 INFO  [Log] **************************************************************************************** 
2023-07-14 20:30:04,717 INFO  [Log] **************************************************************************************** 
2023-07-14 20:30:04,870 INFO  [Log] my username has been entered 
2023-07-14 20:30:04,986 INFO  [Log] My password has been entered 
2023-07-14 20:30:29,864 INFO  [Log] **************************************************************************************** 
2023-07-14 20:30:29,864 INFO  [Log] **************************************************************************************** 
2023-07-14 20:30:29,864 INFO  [Log] $$$$$$$$$$$$$$$$$$$$$                 My Group17B16 test case starts here       $$$$$$$$$$$$$$$$$$$$$$$$$ 
2023-07-14 20:30:29,864 INFO  [Log] **************************************************************************************** 
2023-07-14 20:30:29,864 INFO  [Log] **************************************************************************************** 
2023-07-14 20:30:30,012 INFO  [Log] my username has been entered 
2023-07-14 20:30:30,172 INFO  [Log] My password has been entered 
2023-07-14 20:39:32,886 INFO  [Log] **************************************************************************************** 
2023-07-14 20:39:32,887 INFO  [Log] **************************************************************************************** 
2023-07-14 20:39:32,892 INFO  [Log] $$$$$$$$$$$$$$$$$$$$$                 My Group17B16 test case starts here       $$$$$$$$$$$$$$$$$$$$$$$$$ 
2023-07-14 20:39:32,892 INFO  [Log] **************************************************************************************** 
2023-07-14 20:39:32,892 INFO  [Log] **************************************************************************************** 
2023-07-14 20:39:33,286 INFO  [Log] my username has been entered 
2023-07-14 20:39:33,513 INFO  [Log] My password has been entered 
2023-07-14 20:39:44,262 INFO  [Log] **************************************************************************************** 
2023-07-14 20:39:44,262 INFO  [Log] **************************************************************************************** 
2023-07-14 20:39:44,262 INFO  [Log] $$$$$$$$$$$$$$$$$$$$$                 My Group17B16 test case starts here       $$$$$$$$$$$$$$$$$$$$$$$$$ 
2023-07-14 20:39:44,262 INFO  [Log] **************************************************************************************** 
2023-07-14 20:39:44,262 INFO  [Log] **************************************************************************************** 
2023-07-14 20:39:44,530 INFO  [Log] my username has been entered 
2023-07-14 20:39:44,790 INFO  [Log] My password has been entered 
2023-07-14 20:41:37,950 INFO  [Log] **************************************************************************************** 
2023-07-14 20:41:37,950 INFO  [Log] **************************************************************************************** 
2023-07-14 20:41:37,952 INFO  [Log] $$$$$$$$$$$$$$$$$$$$$                 My Group17B16 test case starts here       $$$$$$$$$$$$$$$$$$$$$$$$$ 
2023-07-14 20:41:37,952 INFO  [Log] **************************************************************************************** 
2023-07-14 20:41:37,952 INFO  [Log] **************************************************************************************** 
2023-07-14 20:41:38,107 INFO  [Log] my username has been entered 
2023-07-14 20:41:38,240 INFO  [Log] My password has been entered 
2023-07-14 20:41:55,087 INFO  [Log] **************************************************************************************** 
2023-07-14 20:41:55,087 INFO  [Log] **************************************************************************************** 
2023-07-14 20:41:55,087 INFO  [Log] $$$$$$$$$$$$$$$$$$$$$                 My Group17B16 test case starts here       $$$$$$$$$$$$$$$$$$$$$$$$$ 
2023-07-14 20:41:55,087 INFO  [Log] **************************************************************************************** 
2023-07-14 20:41:55,087 INFO  [Log] **************************************************************************************** 
2023-07-14 20:41:55,349 INFO  [Log] my username has been entered 
2023-07-14 20:41:55,559 INFO  [Log] My password has been entered 
2023-07-14 20:43:36,265 INFO  [Log] **************************************************************************************** 
2023-07-14 20:43:36,266 INFO  [Log] **************************************************************************************** 
2023-07-14 20:43:36,268 INFO  [Log] $$$$$$$$$$$$$$$$$$$$$                 My Group17B16 test case starts here       $$$$$$$$$$$$$$$$$$$$$$$$$ 
2023-07-14 20:43:36,268 INFO  [Log] **************************************************************************************** 
2023-07-14 20:43:36,268 INFO  [Log] **************************************************************************************** 
2023-07-14 20:43:36,422 INFO  [Log] my username has been entered 
2023-07-14 20:43:36,543 INFO  [Log] My password has been entered 
2023-07-14 20:45:37,206 INFO  [Log] **************************************************************************************** 
2023-07-14 20:45:37,206 INFO  [Log] **************************************************************************************** 
2023-07-14 20:45:37,210 INFO  [Log] $$$$$$$$$$$$$$$$$$$$$                 My Group17B16 test case starts here       $$$$$$$$$$$$$$$$$$$$$$$$$ 
2023-07-14 20:45:37,210 INFO  [Log] **************************************************************************************** 
2023-07-14 20:45:37,210 INFO  [Log] **************************************************************************************** 
2023-07-14 20:45:37,359 INFO  [Log] my username has been entered 
2023-07-14 20:45:37,510 INFO  [Log] My password has been entered 
2023-07-14 20:47:49,825 INFO  [Log] **************************************************************************************** 
2023-07-14 20:47:49,825 INFO  [Log] **************************************************************************************** 
2023-07-14 20:47:49,827 INFO  [Log] $$$$$$$$$$$$$$$$$$$$$                 My Group17B16 test case starts here       $$$$$$$$$$$$$$$$$$$$$$$$$ 
2023-07-14 20:47:49,827 INFO  [Log] **************************************************************************************** 
2023-07-14 20:47:49,827 INFO  [Log] **************************************************************************************** 
2023-07-14 20:47:49,974 INFO  [Log] my username has been entered 
2023-07-14 20:47:50,097 INFO  [Log] My password has been entered 
2023-07-14 20:50:25,474 INFO  [Log] **************************************************************************************** 
2023-07-14 20:50:25,474 INFO  [Log] **************************************************************************************** 
2023-07-14 20:50:25,477 INFO  [Log] $$$$$$$$$$$$$$$$$$$$$                 My Group17B16 test case starts here       $$$$$$$$$$$$$$$$$$$$$$$$$ 
2023-07-14 20:50:25,477 INFO  [Log] **************************************************************************************** 
2023-07-14 20:50:25,477 INFO  [Log] **************************************************************************************** 
2023-07-14 20:50:25,636 INFO  [Log] my username has been entered 
2023-07-14 20:50:25,758 INFO  [Log] My password has been entered 
2023-07-14 20:52:17,321 INFO  [Log] **************************************************************************************** 
2023-07-14 20:52:17,322 INFO  [Log] **************************************************************************************** 
2023-07-14 20:52:17,324 INFO  [Log] $$$$$$$$$$$$$$$$$$$$$                 My Group17B16 test case starts here       $$$$$$$$$$$$$$$$$$$$$$$$$ 
2023-07-14 20:52:17,324 INFO  [Log] **************************************************************************************** 
2023-07-14 20:52:17,325 INFO  [Log] **************************************************************************************** 
2023-07-14 20:52:17,470 INFO  [Log] my username has been entered 
2023-07-14 20:52:17,582 INFO  [Log] My password has been entered 
2023-07-14 20:54:03,521 INFO  [Log] **************************************************************************************** 
2023-07-14 20:54:03,522 INFO  [Log] **************************************************************************************** 
2023-07-14 20:54:03,530 INFO  [Log] $$$$$$$$$$$$$$$$$$$$$                 My Group17B16 test case starts here       $$$$$$$$$$$$$$$$$$$$$$$$$ 
2023-07-14 20:54:03,530 INFO  [Log] **************************************************************************************** 
2023-07-14 20:54:03,530 INFO  [Log] **************************************************************************************** 
2023-07-14 20:54:03,754 INFO  [Log] my username has been entered 
2023-07-14 20:54:03,904 INFO  [Log] My password has been entered 
2023-07-14 20:56:40,716 INFO  [Log] **************************************************************************************** 
2023-07-14 20:56:40,716 INFO  [Log] **************************************************************************************** 
2023-07-14 20:56:40,719 INFO  [Log] $$$$$$$$$$$$$$$$$$$$$                 My Group17B16 test case starts here       $$$$$$$$$$$$$$$$$$$$$$$$$ 
2023-07-14 20:56:40,719 INFO  [Log] **************************************************************************************** 
2023-07-14 20:56:40,719 INFO  [Log] **************************************************************************************** 
2023-07-14 20:56:40,890 INFO  [Log] my username has been entered 
2023-07-14 20:56:41,010 INFO  [Log] My password has been entered 
2023-07-14 20:57:20,799 INFO  [Log] **************************************************************************************** 
2023-07-14 20:57:20,800 INFO  [Log] **************************************************************************************** 
2023-07-14 20:57:20,804 INFO  [Log] $$$$$$$$$$$$$$$$$$$$$                 My Group17B16 test case starts here       $$$$$$$$$$$$$$$$$$$$$$$$$ 
2023-07-14 20:57:20,804 INFO  [Log] **************************************************************************************** 
2023-07-14 20:57:20,804 INFO  [Log] **************************************************************************************** 
2023-07-14 20:57:20,997 INFO  [Log] my username has been entered 
2023-07-14 20:57:21,147 INFO  [Log] My password has been entered 
2023-07-14 21:04:55,357 INFO  [Log] **************************************************************************************** 
2023-07-14 21:04:55,357 INFO  [Log] **************************************************************************************** 
2023-07-14 21:04:55,359 INFO  [Log] $$$$$$$$$$$$$$$$$$$$$                 My Group17B16 test case starts here       $$$$$$$$$$$$$$$$$$$$$$$$$ 
2023-07-14 21:04:55,359 INFO  [Log] **************************************************************************************** 
2023-07-14 21:04:55,359 INFO  [Log] **************************************************************************************** 
2023-07-14 21:04:55,509 INFO  [Log] my username has been entered 
2023-07-14 21:04:55,633 INFO  [Log] My password has been entered 
2023-07-14 21:16:49,373 INFO  [Log] **************************************************************************************** 
2023-07-14 21:16:49,373 INFO  [Log] **************************************************************************************** 
2023-07-14 21:16:49,378 INFO  [Log] $$$$$$$$$$$$$$$$$$$$$                 My Group17B16 test case starts here       $$$$$$$$$$$$$$$$$$$$$$$$$ 
2023-07-14 21:16:49,378 INFO  [Log] **************************************************************************************** 
2023-07-14 21:16:49,378 INFO  [Log] **************************************************************************************** 
2023-07-14 21:16:49,569 INFO  [Log] my username has been entered 
2023-07-14 21:16:49,770 INFO  [Log] My password has been entered 
2023-07-14 21:27:37,777 INFO  [Log] **************************************************************************************** 
2023-07-14 21:27:37,778 INFO  [Log] **************************************************************************************** 
2023-07-14 21:27:37,781 INFO  [Log] $$$$$$$$$$$$$$$$$$$$$                 My Group17B16 test case starts here       $$$$$$$$$$$$$$$$$$$$$$$$$ 
2023-07-14 21:27:37,781 INFO  [Log] **************************************************************************************** 
2023-07-14 21:27:37,781 INFO  [Log] **************************************************************************************** 
2023-07-14 21:27:38,059 INFO  [Log] my username has been entered 
2023-07-14 21:27:38,345 INFO  [Log] My password has been entered 
2023-07-14 21:28:57,699 INFO  [Log] **************************************************************************************** 
2023-07-14 21:28:57,699 INFO  [Log] **************************************************************************************** 
2023-07-14 21:28:57,701 INFO  [Log] $$$$$$$$$$$$$$$$$$$$$                 My Group17B16 test case starts here       $$$$$$$$$$$$$$$$$$$$$$$$$ 
2023-07-14 21:28:57,702 INFO  [Log] **************************************************************************************** 
2023-07-14 21:28:57,702 INFO  [Log] **************************************************************************************** 
2023-07-14 21:28:58,017 INFO  [Log] my username has been entered 
2023-07-14 21:28:58,431 INFO  [Log] My password has been entered 
2023-07-14 21:31:24,329 INFO  [Log] **************************************************************************************** 
2023-07-14 21:31:24,329 INFO  [Log] **************************************************************************************** 
2023-07-14 21:31:24,332 INFO  [Log] $$$$$$$$$$$$$$$$$$$$$                 My Group17B16 test case starts here       $$$$$$$$$$$$$$$$$$$$$$$$$ 
2023-07-14 21:31:24,332 INFO  [Log] **************************************************************************************** 
2023-07-14 21:31:24,332 INFO  [Log] **************************************************************************************** 
2023-07-14 21:31:24,489 INFO  [Log] my username has been entered 
2023-07-14 21:31:24,618 INFO  [Log] My password has been entered 
2023-07-14 21:32:59,366 INFO  [Log] **************************************************************************************** 
2023-07-14 21:32:59,367 INFO  [Log] **************************************************************************************** 
2023-07-14 21:32:59,369 INFO  [Log] $$$$$$$$$$$$$$$$$$$$$                 My Group17B16 test case starts here       $$$$$$$$$$$$$$$$$$$$$$$$$ 
2023-07-14 21:32:59,369 INFO  [Log] **************************************************************************************** 
2023-07-14 21:32:59,369 INFO  [Log] **************************************************************************************** 
2023-07-14 21:32:59,543 INFO  [Log] my username has been entered 
2023-07-14 21:32:59,761 INFO  [Log] My password has been entered 
2023-07-14 21:34:40,361 INFO  [Log] **************************************************************************************** 
2023-07-14 21:34:40,361 INFO  [Log] **************************************************************************************** 
2023-07-14 21:34:40,365 INFO  [Log] $$$$$$$$$$$$$$$$$$$$$                 My Group17B16 test case starts here       $$$$$$$$$$$$$$$$$$$$$$$$$ 
2023-07-14 21:34:40,365 INFO  [Log] **************************************************************************************** 
2023-07-14 21:34:40,365 INFO  [Log] **************************************************************************************** 
2023-07-14 21:34:40,522 INFO  [Log] my username has been entered 
2023-07-14 21:34:40,640 INFO  [Log] My password has been entered 
2023-07-14 21:55:24,190 INFO  [Log] **************************************************************************************** 
2023-07-14 21:55:24,190 INFO  [Log] **************************************************************************************** 
2023-07-14 21:55:24,198 INFO  [Log] $$$$$$$$$$$$$$$$$$$$$                 My Group17B16 test case starts here       $$$$$$$$$$$$$$$$$$$$$$$$$ 
2023-07-14 21:55:24,198 INFO  [Log] **************************************************************************************** 
2023-07-14 21:55:24,198 INFO  [Log] **************************************************************************************** 
2023-07-14 21:55:24,525 INFO  [Log] my username has been entered 
2023-07-14 21:55:24,747 INFO  [Log] My password has been entered 
2023-07-14 22:04:01,286 INFO  [Log] **************************************************************************************** 
2023-07-14 22:04:01,286 INFO  [Log] **************************************************************************************** 
2023-07-14 22:04:01,288 INFO  [Log] $$$$$$$$$$$$$$$$$$$$$                 My Group17B16 test case starts here       $$$$$$$$$$$$$$$$$$$$$$$$$ 
2023-07-14 22:04:01,288 INFO  [Log] **************************************************************************************** 
2023-07-14 22:04:01,288 INFO  [Log] **************************************************************************************** 
2023-07-14 22:04:01,444 INFO  [Log] my username has been entered 
2023-07-14 22:04:01,566 INFO  [Log] My password has been entered 
2023-07-14 22:13:10,196 INFO  [Log] **************************************************************************************** 
2023-07-14 22:13:10,196 INFO  [Log] **************************************************************************************** 
2023-07-14 22:13:10,203 INFO  [Log] $$$$$$$$$$$$$$$$$$$$$                 My Group17B16 test case starts here       $$$$$$$$$$$$$$$$$$$$$$$$$ 
2023-07-14 22:13:10,203 INFO  [Log] **************************************************************************************** 
2023-07-14 22:13:10,203 INFO  [Log] **************************************************************************************** 
2023-07-14 22:13:10,445 INFO  [Log] my username has been entered 
2023-07-14 22:13:10,610 INFO  [Log] My password has been entered 
2023-07-14 22:14:54,826 INFO  [Log] **************************************************************************************** 
2023-07-14 22:14:54,826 INFO  [Log] **************************************************************************************** 
2023-07-14 22:14:54,829 INFO  [Log] $$$$$$$$$$$$$$$$$$$$$                 My Group17B16 test case starts here       $$$$$$$$$$$$$$$$$$$$$$$$$ 
2023-07-14 22:14:54,829 INFO  [Log] **************************************************************************************** 
2023-07-14 22:14:54,829 INFO  [Log] **************************************************************************************** 
2023-07-14 22:14:54,995 INFO  [Log] my username has been entered 
2023-07-14 22:14:55,125 INFO  [Log] My password has been entered 
2023-07-14 22:19:32,487 INFO  [Log] **************************************************************************************** 
2023-07-14 22:19:32,488 INFO  [Log] **************************************************************************************** 
2023-07-14 22:19:32,493 INFO  [Log] $$$$$$$$$$$$$$$$$$$$$                 My Group17B16 test case starts here       $$$$$$$$$$$$$$$$$$$$$$$$$ 
2023-07-14 22:19:32,493 INFO  [Log] **************************************************************************************** 
2023-07-14 22:19:32,493 INFO  [Log] **************************************************************************************** 
2023-07-14 22:19:32,774 INFO  [Log] my username has been entered 
2023-07-14 22:19:32,982 INFO  [Log] My password has been entered 
2023-07-14 22:21:22,726 INFO  [Log] **************************************************************************************** 
2023-07-14 22:21:22,726 INFO  [Log] **************************************************************************************** 
2023-07-14 22:21:22,732 INFO  [Log] $$$$$$$$$$$$$$$$$$$$$                 My Group17B16 test case starts here       $$$$$$$$$$$$$$$$$$$$$$$$$ 
2023-07-14 22:21:22,732 INFO  [Log] **************************************************************************************** 
2023-07-14 22:21:22,732 INFO  [Log] **************************************************************************************** 
2023-07-14 22:21:23,068 INFO  [Log] my username has been entered 
2023-07-14 22:21:23,340 INFO  [Log] My password has been entered 
2023-07-14 22:27:39,379 INFO  [Log] **************************************************************************************** 
2023-07-14 22:27:39,379 INFO  [Log] **************************************************************************************** 
2023-07-14 22:27:39,381 INFO  [Log] $$$$$$$$$$$$$$$$$$$$$                 My Group17B16 test case starts here       $$$$$$$$$$$$$$$$$$$$$$$$$ 
2023-07-14 22:27:39,381 INFO  [Log] **************************************************************************************** 
2023-07-14 22:27:39,381 INFO  [Log] **************************************************************************************** 
2023-07-14 22:27:39,560 INFO  [Log] my username has been entered 
2023-07-14 22:27:39,702 INFO  [Log] My password has been entered 
2023-07-14 22:32:22,931 INFO  [Log] **************************************************************************************** 
2023-07-14 22:32:22,932 INFO  [Log] **************************************************************************************** 
2023-07-14 22:32:22,936 INFO  [Log] $$$$$$$$$$$$$$$$$$$$$                 My Group17B16 test case starts here       $$$$$$$$$$$$$$$$$$$$$$$$$ 
2023-07-14 22:32:22,936 INFO  [Log] **************************************************************************************** 
2023-07-14 22:32:22,936 INFO  [Log] **************************************************************************************** 
2023-07-14 22:32:23,116 INFO  [Log] my username has been entered 
2023-07-14 22:32:23,314 INFO  [Log] My password has been entered 
